<?xml version="1.0" encoding="UTF-8"?>
<testng-results ignored="0" total="1" passed="1" failed="0" skipped="0">
  <reporter-output>
  </reporter-output>
  <suite started-at="2025-04-09T16:47:31 EDT" name="Default suite" finished-at="2025-04-09T16:47:35 EDT" duration-ms="4301">
    <groups>
    </groups>
    <test started-at="2025-04-09T16:47:31 EDT" name="Default test" finished-at="2025-04-09T16:47:35 EDT" duration-ms="4301">
      <class name="handlingDiffrentWebElements.DropdownMenu">
        <test-method is-config="true" signature="setUp()[pri:0, instance:handlingDiffrentWebElements.DropdownMenu@f5958c9]" started-at="2025-04-09T16:47:31 EDT" name="setUp" finished-at="2025-04-09T16:47:34 EDT" duration-ms="3157" status="PASS">
          <reporter-output>
          </reporter-output>
        </test-method> <!-- setUp -->
        <test-method signature="dropdown()[pri:0, instance:handlingDiffrentWebElements.DropdownMenu@f5958c9]" started-at="2025-04-09T16:47:34 EDT" name="dropdown" finished-at="2025-04-09T16:47:35 EDT" duration-ms="939" status="PASS">
          <reporter-output>
          </reporter-output>
        </test-method> <!-- dropdown -->
        <test-method is-config="true" signature="tearDown()[pri:0, instance:handlingDiffrentWebElements.DropdownMenu@f5958c9]" started-at="2025-04-09T16:47:35 EDT" name="tearDown" finished-at="2025-04-09T16:47:35 EDT" duration-ms="166" status="PASS">
          <reporter-output>
          </reporter-output>
        </test-method> <!-- tearDown -->
      </class> <!-- handlingDiffrentWebElements.DropdownMenu -->
    </test> <!-- Default test -->
  </suite> <!-- Default suite -->
</testng-results>
